# JRE version: OpenJDK Runtime Environment Temurin-21.0.5+11 (21.0.5+11) (build 21.0.5+11-LTS)
# Java VM: OpenJDK 64-Bit Server VM Temurin-21.0.5+11 (21.0.5+11-LTS, mixed mode, emulated-client, sharing, tiered, compressed oops, compressed class ptrs, g1 gc, windows-amd64)
GC Precious Log:
 CardTable entry size: 512
 Card Set container configuration: InlinePtr #cards 4 size 8 Array Of Cards #cards 16 size 48 Howl #buckets 8 coarsen threshold 3686 Howl Bitmap #cards 512 size 80 coarsen threshold 460 Card regions per heap region 1 cards per card region 4096
 CPUs: 8 total, 8 available
 Memory: 16242M
 Large Page Support: Disabled
 NUMA Support: Disabled
 Compressed Oops: Enabled (Zero based)
 Heap Region Size: 2M
 Heap Min Capacity: 8M
 Heap Initial Capacity: 254M
 Heap Max Capacity: 4062M
 Pre-touch: Disabled
 Parallel Workers: 8
 Concurrent Workers: 2
 Concurrent Refinement Workers: 8
 Periodic GC: Disabled
Heap:
 garbage-first heap   total 100352K, used 83001K [0x0000000702200000, 0x0000000800000000)
  region size 2048K, 26 young (53248K), 2 survivors (4096K)
 Metaspace       used 73375K, committed 74240K, reserved 1114112K
  class space    used 10273K, committed 10688K, reserved 1048576K
GC Heap History (20 events):
Event: 2.682 GC heap after
{Heap after GC invocations=5 (full 0):
 garbage-first heap   total 55296K, used 16236K [0x0000000702200000, 0x0000000800000000)
  region size 2048K, 2 young (4096K), 2 survivors (4096K)
 Metaspace       used 23036K, committed 23552K, reserved 1114112K
  class space    used 3088K, committed 3328K, reserved 1048576K
}
Event: 3.112 GC heap before
{Heap before GC invocations=5 (full 0):
 garbage-first heap   total 55296K, used 36716K [0x0000000702200000, 0x0000000800000000)
  region size 2048K, 12 young (24576K), 2 survivors (4096K)
 Metaspace       used 25669K, committed 26176K, reserved 1114112K
  class space    used 3483K, committed 3712K, reserved 1048576K
}
Event: 3.124 GC heap after
{Heap after GC invocations=6 (full 0):
 garbage-first heap   total 55296K, used 17971K [0x0000000702200000, 0x0000000800000000)
  region size 2048K, 2 young (4096K), 2 survivors (4096K)
 Metaspace       used 25669K, committed 26176K, reserved 1114112K
  class space    used 3483K, committed 3712K, reserved 1048576K
}
Event: 3.535 GC heap before
{Heap before GC invocations=6 (full 0):
 garbage-first heap   total 55296K, used 42547K [0x0000000702200000, 0x0000000800000000)
  region size 2048K, 14 young (28672K), 2 survivors (4096K)
 Metaspace       used 29649K, committed 30208K, reserved 1114112K
  class space    used 4042K, committed 4288K, reserved 1048576K
}
Event: 3.555 GC heap after
{Heap after GC invocations=7 (full 0):
 garbage-first heap   total 157696K, used 20350K [0x0000000702200000, 0x0000000800000000)
  region size 2048K, 2 young (4096K), 2 survivors (4096K)
 Metaspace       used 29649K, committed 30208K, reserved 1114112K
  class space    used 4042K, committed 4288K, reserved 1048576K
}
Event: 4.118 GC heap before
{Heap before GC invocations=7 (full 0):
 garbage-first heap   total 157696K, used 44926K [0x0000000702200000, 0x0000000800000000)
  region size 2048K, 15 young (30720K), 2 survivors (4096K)
 Metaspace       used 35422K, committed 35968K, reserved 1114112K
  class space    used 4883K, committed 5120K, reserved 1048576K
}
Event: 4.138 GC heap after
{Heap after GC invocations=8 (full 0):
 garbage-first heap   total 157696K, used 21965K [0x0000000702200000, 0x0000000800000000)
  region size 2048K, 3 young (6144K), 3 survivors (6144K)
 Metaspace       used 35422K, committed 35968K, reserved 1114112K
  class space    used 4883K, committed 5120K, reserved 1048576K
}
Event: 5.149 GC heap before
{Heap before GC invocations=9 (full 0):
 garbage-first heap   total 75776K, used 60877K [0x0000000702200000, 0x0000000800000000)
  region size 2048K, 22 young (45056K), 3 survivors (6144K)
 Metaspace       used 48149K, committed 48832K, reserved 1114112K
  class space    used 6560K, committed 6848K, reserved 1048576K
}
Event: 5.172 GC heap after
{Heap after GC invocations=10 (full 0):
 garbage-first heap   total 75776K, used 25530K [0x0000000702200000, 0x0000000800000000)
  region size 2048K, 3 young (6144K), 3 survivors (6144K)
 Metaspace       used 48149K, committed 48832K, reserved 1114112K
  class space    used 6560K, committed 6848K, reserved 1048576K
}
Event: 5.928 GC heap before
{Heap before GC invocations=10 (full 0):
 garbage-first heap   total 75776K, used 60346K [0x0000000702200000, 0x0000000800000000)
  region size 2048K, 21 young (43008K), 3 survivors (6144K)
 Metaspace       used 57169K, committed 57792K, reserved 1114112K
  class space    used 7904K, committed 8192K, reserved 1048576K
}
Event: 5.953 GC heap after
{Heap after GC invocations=11 (full 0):
 garbage-first heap   total 75776K, used 27366K [0x0000000702200000, 0x0000000800000000)
  region size 2048K, 2 young (4096K), 2 survivors (4096K)
 Metaspace       used 57169K, committed 57792K, reserved 1114112K
  class space    used 7904K, committed 8192K, reserved 1048576K
}
Event: 6.198 GC heap before
{Heap before GC invocations=11 (full 0):
 garbage-first heap   total 75776K, used 43750K [0x0000000702200000, 0x0000000800000000)
  region size 2048K, 11 young (22528K), 2 survivors (4096K)
 Metaspace       used 59674K, committed 60288K, reserved 1114112K
  class space    used 8253K, committed 8512K, reserved 1048576K
}
Event: 6.212 GC heap after
{Heap after GC invocations=12 (full 0):
 garbage-first heap   total 100352K, used 27610K [0x0000000702200000, 0x0000000800000000)
  region size 2048K, 2 young (4096K), 2 survivors (4096K)
 Metaspace       used 59674K, committed 60288K, reserved 1114112K
  class space    used 8253K, committed 8512K, reserved 1048576K
}
Event: 10.095 GC heap before
{Heap before GC invocations=13 (full 0):
 garbage-first heap   total 100352K, used 80858K [0x0000000702200000, 0x0000000800000000)
  region size 2048K, 29 young (59392K), 2 survivors (4096K)
 Metaspace       used 68163K, committed 68992K, reserved 1114112K
  class space    used 9520K, committed 9920K, reserved 1048576K
}
Event: 10.116 GC heap after
{Heap after GC invocations=14 (full 0):
 garbage-first heap   total 100352K, used 33025K [0x0000000702200000, 0x0000000800000000)
  region size 2048K, 4 young (8192K), 4 survivors (8192K)
 Metaspace       used 68163K, committed 68992K, reserved 1114112K
  class space    used 9520K, committed 9920K, reserved 1048576K
}
Event: 158.062 GC heap before
{Heap before GC invocations=14 (full 0):
 garbage-first heap   total 100352K, used 59649K [0x0000000702200000, 0x0000000800000000)
  region size 2048K, 18 young (36864K), 4 survivors (8192K)
 Metaspace       used 70532K, committed 71296K, reserved 1114112K
  class space    used 9884K, committed 10240K, reserved 1048576K
}
Event: 158.150 GC heap after
{Heap after GC invocations=15 (full 1):
 garbage-first heap   total 100352K, used 28678K [0x0000000702200000, 0x0000000800000000)
  region size 2048K, 0 young (0K), 0 survivors (0K)
 Metaspace       used 70532K, committed 71296K, reserved 1114112K
  class space    used 9884K, committed 10240K, reserved 1048576K
}
Event: 158.767 GC heap before
{Heap before GC invocations=15 (full 1):
 garbage-first heap   total 100352K, used 79878K [0x0000000702200000, 0x0000000800000000)
  region size 2048K, 26 young (53248K), 0 survivors (0K)
 Metaspace       used 70778K, committed 71552K, reserved 1114112K
  class space    used 9916K, committed 10240K, reserved 1048576K
}
Event: 158.782 GC heap after
{Heap after GC invocations=16 (full 1):
 garbage-first heap   total 100352K, used 33849K [0x0000000702200000, 0x0000000800000000)
  region size 2048K, 3 young (6144K), 3 survivors (6144K)
 Metaspace       used 70778K, committed 71552K, reserved 1114112K
  class space    used 9916K, committed 10240K, reserved 1048576K
}
Event: 299.180 GC heap before
{Heap before GC invocations=16 (full 1):
 garbage-first heap   total 100352K, used 80953K [0x0000000702200000, 0x0000000800000000)
  region size 2048K, 27 young (55296K), 3 survivors (6144K)
 Metaspace       used 73375K, committed 74240K, reserved 1114112K
  class space    used 10273K, committed 10688K, reserved 1048576K
}

